Removed Pin From Net: NetName=DI1 Pin=P1-1
Removed Pin From Net: NetName=DI2 Pin=P1-2
Removed Pin From Net: NetName=DI3 Pin=P1-3
Removed Pin From Net: NetName=DI4 Pin=P1-4
Removed Pin From Net: NetName=DI5 Pin=P1-5
Removed Pin From Net: NetName=DI6 Pin=P1-6
Removed Pin From Net: NetName=DI7 Pin=P1-7
Removed Pin From Net: NetName=DI8 Pin=P1-8
Removed Pin From Net: NetName=DI9 Pin=P2-1
Removed Pin From Net: NetName=DI10 Pin=P2-2
Removed Pin From Net: NetName=DI11 Pin=P2-3
Removed Pin From Net: NetName=DI12 Pin=P2-4
Removed Pin From Net: NetName=GND_DI Pin=P2-5
Removed Member From Class: ClassName=U_D_Input Member=P2
Added Component: Designator=P?(CON 5 5EDG5.08)
Add component (AddParameter): Name = "Chung_Loai"; Value = "C?m"; VariantName = "[No Variations]"
Add component (AddParameter): Name = "Don_Vi"; Value = "Con"; VariantName = "[No Variations]"
Add component (AddParameter): Name = "Ghi_Chu"; Value = ""; VariantName = "[No Variations]"
Add component (AddParameter): Name = "Kieu_Chan"; Value = ""; VariantName = "[No Variations]"
Add component (AddParameter): Name = "Ma_Hang"; Value = "MH003589"; VariantName = "[No Variations]"
Add component (AddParameter): Name = "Ten_Linh_Kien"; Value = "CON 5 2EDG5.08-5P 5.08MM ( Xanh Cong)"; VariantName = "[No Variations]"
Added Pin To Net: NetName=DI8 Pin=P1-1
Added Pin To Net: NetName=DI7 Pin=P1-2
Added Pin To Net: NetName=DI6 Pin=P1-3
Added Pin To Net: NetName=DI5 Pin=P1-4
Added Pin To Net: NetName=DI4 Pin=P1-5
Added Pin To Net: NetName=DI3 Pin=P1-6
Added Pin To Net: NetName=DI2 Pin=P1-7
Added Pin To Net: NetName=DI1 Pin=P1-8
Added Pin To Net: NetName=GND_DI Pin=P?-1
Added Pin To Net: NetName=DI12 Pin=P?-2
Added Pin To Net: NetName=DI11 Pin=P?-3
Added Pin To Net: NetName=DI10 Pin=P?-4
Added Pin To Net: NetName=DI9 Pin=P?-5
Added Member To Class: ClassName=U_D_Input Member=Component P? CON 5 EDG5.08
