Removed Pin From Net: NetName=3.3V Pin=P2-5
Removed Pin From Net: NetName=24V Pin=P5-5
Removed Pin From Net: NetName=24V Pin=P6-4
Removed Pin From Net: NetName=GND_CL Pin=Q1-3
Removed Pin From Net: NetName=GND_CL Pin=Q2-3
Removed Pin From Net: NetName=GND_CL Pin=Q3-3
Removed Pin From Net: NetName=GND_CL Pin=Q4-3
Removed Pin From Net: NetName=GND_CL Pin=Q5-3
Removed Pin From Net: NetName=GND_CL Pin=Q6-3
Removed Pin From Net: NetName=GND_CL Pin=Q7-3
Removed Pin From Net: NetName=GND_CL Pin=Q8-3
Removed Pin From Net: NetName=GND_CL Pin=Q9-3
Removed Pin From Net: NetName=GND_CL Pin=Q10-3
Removed Pin From Net: NetName=GND_CL Pin=Q11-3
Removed Pin From Net: NetName=GND_CL Pin=Q12-3
Removed Pin From Net: NetName=PWM1 Pin=Q13-2
Removed Pin From Net: NetName=GND_CL Pin=Q13-3
Removed Pin From Net: NetName=PWM2 Pin=Q14-2
Removed Pin From Net: NetName=GND_CL Pin=Q14-3
Removed Pin From Net: NetName=PWM3 Pin=Q15-2
Removed Pin From Net: NetName=GND_CL Pin=Q15-3
Removed Pin From Net: NetName=GND_CL Pin=R11-1
Removed Pin From Net: NetName=GND_CL Pin=R12-1
Removed Pin From Net: NetName=GND_CL Pin=R15-1
Removed Pin From Net: NetName=GND_CL Pin=R16-1
Removed Pin From Net: NetName=GND_CL Pin=R18-1
Removed Pin From Net: NetName=GND_CL Pin=R20-1
Removed Pin From Net: NetName=GND_CL Pin=R22-1
Removed Pin From Net: NetName=GND_CL Pin=R25-1
Removed Pin From Net: NetName=GND_CL Pin=R26-1
Removed Pin From Net: NetName=GND_CL Pin=R28-1
Removed Pin From Net: NetName=GND_CL Pin=R30-1
Removed Pin From Net: NetName=GND_CL Pin=R32-1
Added Pin To Net: NetName=PWM1 Pin=Q13-3
Added Pin To Net: NetName=PWM2 Pin=Q14-3
Added Pin To Net: NetName=PWM3 Pin=Q15-3
Added Pin To Net: NetName=COM Pin=P6-4
Added Pin To Net: NetName=COM Pin=Q13-2
Added Pin To Net: NetName=COM Pin=Q14-2
Added Pin To Net: NetName=COM Pin=Q15-2
Added Net: Name=COM
Added Pin To Net: NetName=GND_DI Pin=P2-5
Added Pin To Net: NetName=GND_DI Pin=R11-1
Added Pin To Net: NetName=GND_DI Pin=R12-1
Added Pin To Net: NetName=GND_DI Pin=R15-1
Added Pin To Net: NetName=GND_DI Pin=R16-1
Added Pin To Net: NetName=GND_DI Pin=R18-1
Added Pin To Net: NetName=GND_DI Pin=R20-1
Added Pin To Net: NetName=GND_DI Pin=R22-1
Added Pin To Net: NetName=GND_DI Pin=R25-1
Added Pin To Net: NetName=GND_DI Pin=R26-1
Added Pin To Net: NetName=GND_DI Pin=R28-1
Added Pin To Net: NetName=GND_DI Pin=R30-1
Added Pin To Net: NetName=GND_DI Pin=R32-1
Added Net: Name=GND_DI
Added Pin To Net: NetName=GND_DO Pin=P5-5
Added Pin To Net: NetName=GND_DO Pin=Q1-3
Added Pin To Net: NetName=GND_DO Pin=Q2-3
Added Pin To Net: NetName=GND_DO Pin=Q3-3
Added Pin To Net: NetName=GND_DO Pin=Q4-3
Added Pin To Net: NetName=GND_DO Pin=Q5-3
Added Pin To Net: NetName=GND_DO Pin=Q6-3
Added Pin To Net: NetName=GND_DO Pin=Q7-3
Added Pin To Net: NetName=GND_DO Pin=Q8-3
Added Pin To Net: NetName=GND_DO Pin=Q9-3
Added Pin To Net: NetName=GND_DO Pin=Q10-3
Added Pin To Net: NetName=GND_DO Pin=Q11-3
Added Pin To Net: NetName=GND_DO Pin=Q12-3
Added Net: Name=GND_DO
