Removed Pin From Net: NetName=DO1 Pin=P4-1
Removed Pin From Net: NetName=DO2 Pin=P4-2
Removed Pin From Net: NetName=DO3 Pin=P4-3
Removed Pin From Net: NetName=DO5 Pin=P4-5
Removed Pin From Net: NetName=DO6 Pin=P4-6
Removed Pin From Net: NetName=DO7 Pin=P4-7
Removed Pin From Net: NetName=DO8 Pin=P4-8
Removed Pin From Net: NetName=DO9 Pin=P5-1
Removed Pin From Net: NetName=DO10 Pin=P5-2
Removed Pin From Net: NetName=DO11 Pin=P5-3
Removed Pin From Net: NetName=DO12 Pin=P5-4
Removed Pin From Net: NetName=GND_DO Pin=P5-5
Removed Pin From Net: NetName=D_OUT3 Pin=R55-1
Removed Pin From Net: NetName=D_IN10 Pin=U3-20
Added Pin To Net: NetName=DO7 Pin=P4-1
Added Pin To Net: NetName=DO6 Pin=P4-2
Added Pin To Net: NetName=DO5 Pin=P4-3
Added Pin To Net: NetName=DO3 Pin=P4-5
Added Pin To Net: NetName=DO2 Pin=P4-6
Added Pin To Net: NetName=DO1 Pin=P4-7
Added Pin To Net: NetName=GND_DO Pin=P4-8
Added Pin To Net: NetName=DO12 Pin=P5-1
Added Pin To Net: NetName=DO11 Pin=P5-2
Added Pin To Net: NetName=DO10 Pin=P5-3
Added Pin To Net: NetName=DO9 Pin=P5-4
Added Pin To Net: NetName=DO8 Pin=P5-5
Added Pin To Net: NetName=D_IN10 Pin=R55-1
Added Pin To Net: NetName=D_OUT3 Pin=R55-1
