Removed Pin From Net: NetName=5V Pin=H1-1
Removed Pin From Net: NetName=NetH1_2 Pin=H1-2
Removed Pin From Net: NetName=NetH1_3 Pin=H1-3
Removed Pin From Net: NetName=GND Pin=H1-4
Removed Member From Class: ClassName=U_RS485 Member=H1
Added Component: Designator=P8(CON 4 4EDG5.08)
Add component (AddParameter): Name = "Chung_Loai"; Value = "C?m"; VariantName = "[No Variations]"
Add component (AddParameter): Name = "Don_Vi"; Value = "Con"; VariantName = "[No Variations]"
Add component (AddParameter): Name = "Ghi_Chu"; Value = ""; VariantName = "[No Variations]"
Add component (AddParameter): Name = "Kieu_Chan"; Value = ""; VariantName = "[No Variations]"
Add component (AddParameter): Name = "Ma_Hang"; Value = "MH000979"; VariantName = "[No Variations]"
Add component (AddParameter): Name = "Ten_Linh_Kien"; Value = "CON 4 2EDG5.08-4P 5.08MM ( Xanh Cong)"; VariantName = "[No Variations]"
Added Pin To Net: NetName=5V Pin=P8-1
Added Pin To Net: NetName=5V Pin=P8-1
Added Pin To Net: NetName=NetH1_2 Pin=P8-2
Added Pin To Net: NetName=NetH1_2 Pin=P8-2
Added Pin To Net: NetName=NetH1_3 Pin=P8-3
Added Pin To Net: NetName=NetH1_3 Pin=P8-3
Added Pin To Net: NetName=GND Pin=P8-4
Change Net Name : Old Net Name=NetH1_2 New Net Name=NetP8_2
Change Net Name : Old Net Name=NetH1_3 New Net Name=NetP8_3
Added Member To Class: ClassName=U_RS485 Member=Component P8 CON 4 EDG5.08
