Removed Pin From Net: NetName=D_IN12 Pin=U3-14
Removed Pin From Net: NetName=D_IN11 Pin=U3-15
Removed Pin From Net: NetName=D_IN10 Pin=U3-20
Removed Pin From Net: NetName=D_IN9 Pin=U3-21
Removed Pin From Net: NetName=D_IN8 Pin=U3-22
Removed Pin From Net: NetName=D_IN7 Pin=U3-23
Removed Pin From Net: NetName=D_IN6 Pin=U3-24
Removed Pin From Net: NetName=D_IN5 Pin=U3-25
Removed Pin From Net: NetName=D_IN4 Pin=U3-26
Removed Pin From Net: NetName=D_IN3 Pin=U3-27
Removed Pin From Net: NetName=D_IN2 Pin=U3-29
Removed Pin From Net: NetName=D_IN1 Pin=U3-30
Removed Pin From Net: NetName=D_OUT12 Pin=U3-34
Removed Pin From Net: NetName=D_OUT11 Pin=U3-35
Removed Pin From Net: NetName=D_OUT10 Pin=U3-36
Removed Pin From Net: NetName=D_OUT9 Pin=U3-37
Removed Pin From Net: NetName=D_OUT8 Pin=U3-38
Removed Pin From Net: NetName=D_OUT7 Pin=U3-39
Removed Pin From Net: NetName=D_OUT6 Pin=U3-40
Removed Pin From Net: NetName=D_OUT5 Pin=U3-41
Removed Pin From Net: NetName=D_OUT4 Pin=U3-42
Removed Pin From Net: NetName=D_OUT3 Pin=U3-43
Removed Pin From Net: NetName=D_OUT2 Pin=U3-44
Removed Pin From Net: NetName=D_OUT1 Pin=U3-45
Removed Pin From Net: NetName=MCU_TX3 Pin=U3-51
Removed Pin From Net: NetName=MCU_RX3 Pin=U3-52
Removed Pin From Net: NetName=MCU_TX1 Pin=U3-53
Removed Pin From Net: NetName=MCU_RX1 Pin=U3-54
Removed Pin From Net: NetName=DE Pin=U3-55
Removed Pin From Net: NetName=PWM_3 Pin=U3-57
Removed Pin From Net: NetName=PWM_2 Pin=U3-58
Removed Pin From Net: NetName=PWM_1 Pin=U3-59
Added Pin To Net: NetName=D_OUT1 Pin=U3-20
Added Pin To Net: NetName=D_OUT2 Pin=U3-21
Added Pin To Net: NetName=D_OUT3 Pin=U3-22
Added Pin To Net: NetName=D_OUT4 Pin=U3-23
Added Pin To Net: NetName=D_OUT5 Pin=U3-24
Added Pin To Net: NetName=D_OUT6 Pin=U3-25
Added Pin To Net: NetName=D_OUT7 Pin=U3-26
Added Pin To Net: NetName=D_OUT8 Pin=U3-27
Added Pin To Net: NetName=D_OUT9 Pin=U3-28
Added Pin To Net: NetName=MCU_TX3 Pin=U3-29
Added Pin To Net: NetName=MCU_RX3 Pin=U3-30
Added Pin To Net: NetName=D_OUT10 Pin=U3-33
Added Pin To Net: NetName=D_OUT11 Pin=U3-34
Added Pin To Net: NetName=D_OUT12 Pin=U3-35
Added Pin To Net: NetName=PWM_1 Pin=U3-38
Added Pin To Net: NetName=PWM_2 Pin=U3-39
Added Pin To Net: NetName=PWM_3 Pin=U3-40
Added Pin To Net: NetName=DE Pin=U3-41
Added Pin To Net: NetName=MCU_TX1 Pin=U3-42
Added Pin To Net: NetName=MCU_RX1 Pin=U3-43
Added Pin To Net: NetName=D_IN12 Pin=U3-50
Added Pin To Net: NetName=D_IN11 Pin=U3-51
Added Pin To Net: NetName=D_IN10 Pin=U3-52
Added Pin To Net: NetName=D_IN9 Pin=U3-53
Added Pin To Net: NetName=D_IN8 Pin=U3-54
Added Pin To Net: NetName=D_IN7 Pin=U3-55
Added Pin To Net: NetName=D_IN6 Pin=U3-56
Added Pin To Net: NetName=D_IN5 Pin=U3-57
Added Pin To Net: NetName=D_IN4 Pin=U3-58
Added Pin To Net: NetName=D_IN3 Pin=U3-59
Added Pin To Net: NetName=D_IN2 Pin=U3-61
Added Pin To Net: NetName=D_IN1 Pin=U3-62
